10-May-2023 09:32:48.376 INFO [main] org.apache.catalina.startup.VersionLoggerListener.log Server version:        Apache Tomcat/8.5.24
10-May-2023 09:32:48.381 INFO [main] org.apache.catalina.startup.VersionLoggerListener.log Server built:          Nov 27 2017 13:05:30 UTC
10-May-2023 09:32:48.381 INFO [main] org.apache.catalina.startup.VersionLoggerListener.log Server number:         8.5.24.0
10-May-2023 09:32:48.381 INFO [main] org.apache.catalina.startup.VersionLoggerListener.log OS Name:               Mac OS X
10-May-2023 09:32:48.381 INFO [main] org.apache.catalina.startup.VersionLoggerListener.log OS Version:            13.3.1
10-May-2023 09:32:48.381 INFO [main] org.apache.catalina.startup.VersionLoggerListener.log Architecture:          x86_64
10-May-2023 09:32:48.381 INFO [main] org.apache.catalina.startup.VersionLoggerListener.log Java Home:             /Library/Java/JavaVirtualMachines/jdk-1.8.jdk/Contents/Home/jre
10-May-2023 09:32:48.382 INFO [main] org.apache.catalina.startup.VersionLoggerListener.log JVM Version:           1.8.0_371-b11
10-May-2023 09:32:48.382 INFO [main] org.apache.catalina.startup.VersionLoggerListener.log JVM Vendor:            Oracle Corporation
10-May-2023 09:32:48.382 INFO [main] org.apache.catalina.startup.VersionLoggerListener.log CATALINA_BASE:         /Users/wg/Universal-Migration-Tool/tomcat
10-May-2023 09:32:48.382 INFO [main] org.apache.catalina.startup.VersionLoggerListener.log CATALINA_HOME:         /Users/wg/Universal-Migration-Tool/tomcat
10-May-2023 09:32:48.382 INFO [main] org.apache.catalina.startup.VersionLoggerListener.log Command line argument: -Djava.util.logging.config.file=/Users/wg/Universal-Migration-Tool/tomcat/conf/logging.properties
10-May-2023 09:32:48.382 INFO [main] org.apache.catalina.startup.VersionLoggerListener.log Command line argument: -Djava.util.logging.manager=org.apache.juli.ClassLoaderLogManager
10-May-2023 09:32:48.382 INFO [main] org.apache.catalina.startup.VersionLoggerListener.log Command line argument: -Djdk.tls.ephemeralDHKeySize=2048
10-May-2023 09:32:48.382 INFO [main] org.apache.catalina.startup.VersionLoggerListener.log Command line argument: -Djava.protocol.handler.pkgs=org.apache.catalina.webresources
10-May-2023 09:32:48.382 INFO [main] org.apache.catalina.startup.VersionLoggerListener.log Command line argument: -Dignore.endorsed.dirs=
10-May-2023 09:32:48.383 INFO [main] org.apache.catalina.startup.VersionLoggerListener.log Command line argument: -Dcatalina.base=/Users/wg/Universal-Migration-Tool/tomcat
10-May-2023 09:32:48.383 INFO [main] org.apache.catalina.startup.VersionLoggerListener.log Command line argument: -Dcatalina.home=/Users/wg/Universal-Migration-Tool/tomcat
10-May-2023 09:32:48.383 INFO [main] org.apache.catalina.startup.VersionLoggerListener.log Command line argument: -Djava.io.tmpdir=/Users/wg/Universal-Migration-Tool/tomcat/temp
10-May-2023 09:32:48.383 INFO [main] org.apache.catalina.core.AprLifecycleListener.lifecycleEvent The APR based Apache Tomcat Native library which allows optimal performance in production environments was not found on the java.library.path: [/Users/wg/Library/Java/Extensions:/Library/Java/Extensions:/Network/Library/Java/Extensions:/System/Library/Java/Extensions:/usr/lib/java:.]
10-May-2023 09:32:48.590 INFO [main] org.apache.coyote.AbstractProtocol.init Initializing ProtocolHandler ["http-nio-8081"]
10-May-2023 09:32:48.605 INFO [main] org.apache.tomcat.util.net.NioSelectorPool.getSharedSelector Using a shared selector for servlet write/read
10-May-2023 09:32:48.610 INFO [main] org.apache.coyote.AbstractProtocol.init Initializing ProtocolHandler ["ajp-nio-8010"]
10-May-2023 09:32:48.612 INFO [main] org.apache.tomcat.util.net.NioSelectorPool.getSharedSelector Using a shared selector for servlet write/read
10-May-2023 09:32:48.612 INFO [main] org.apache.catalina.startup.Catalina.load Initialization processed in 640 ms
10-May-2023 09:32:48.713 INFO [main] org.apache.catalina.core.StandardService.startInternal Starting service [Catalina]
10-May-2023 09:32:48.713 INFO [main] org.apache.catalina.core.StandardEngine.startInternal Starting Servlet Engine: Apache Tomcat/8.5.24
10-May-2023 09:32:48.718 INFO [localhost-startStop-1] org.apache.catalina.startup.HostConfig.deployDirectory Deploying web application directory [/Users/wg/Universal-Migration-Tool/tomcat/webapps/ROOT]
10-May-2023 09:32:49.812 INFO [localhost-startStop-1] org.apache.jasper.servlet.TldScanner.scanJars At least one JAR was scanned for TLDs yet contained no TLDs. Enable debug logging for this logger for a complete list of JARs that were scanned but no TLDs were found in them. Skipping unneeded JARs during scanning can improve startup time and JSP compilation time.
10-May-2023 09:32:49.968 INFO [localhost-startStop-1] com.opensymphony.xwork2.util.logging.commons.CommonsLogger.info Parsing configuration file [struts-default.xml]
10-May-2023 09:32:50.014 INFO [localhost-startStop-1] com.opensymphony.xwork2.util.logging.commons.CommonsLogger.info Unable to locate configuration files of the name struts-plugin.xml, skipping
10-May-2023 09:32:50.015 INFO [localhost-startStop-1] com.opensymphony.xwork2.util.logging.commons.CommonsLogger.info Parsing configuration file [struts-plugin.xml]
10-May-2023 09:32:50.093 INFO [localhost-startStop-1] com.opensymphony.xwork2.util.logging.commons.CommonsLogger.info Parsing configuration file [struts.xml]
10-May-2023 09:32:50.283 INFO [localhost-startStop-1] org.apache.catalina.startup.HostConfig.deployDirectory Deployment of web application directory [/Users/wg/Universal-Migration-Tool/tomcat/webapps/ROOT] has finished in [1,565] ms
10-May-2023 09:32:50.284 INFO [main] org.apache.coyote.AbstractProtocol.start Starting ProtocolHandler ["http-nio-8081"]
10-May-2023 09:32:50.362 INFO [main] org.apache.coyote.AbstractProtocol.start Starting ProtocolHandler ["ajp-nio-8010"]
10-May-2023 09:32:50.366 INFO [main] org.apache.catalina.startup.Catalina.start Server startup in 1753 ms
10-May-2023 09:46:14.982 INFO [main] org.apache.catalina.core.StandardServer.await A valid shutdown command was received via the shutdown port. Stopping the Server instance.
10-May-2023 09:46:14.984 INFO [main] org.apache.coyote.AbstractProtocol.pause Pausing ProtocolHandler ["http-nio-8081"]
10-May-2023 09:46:15.044 INFO [main] org.apache.coyote.AbstractProtocol.pause Pausing ProtocolHandler ["ajp-nio-8010"]
10-May-2023 09:46:15.101 INFO [main] org.apache.catalina.core.StandardService.stopInternal Stopping service [Catalina]
10-May-2023 09:46:15.113 SEVERE [localhost-startStop-2] org.apache.catalina.session.StandardManager.stopInternal Exception unloading sessions to persistent storage
 java.io.FileNotFoundException: /Users/wg/Universal-Migration-Tool/tomcat/work/Catalina/localhost/ROOT/SESSIONS.ser (No such file or directory)
	at java.io.FileOutputStream.open0(Native Method)
	at java.io.FileOutputStream.open(FileOutputStream.java:270)
	at java.io.FileOutputStream.<init>(FileOutputStream.java:213)
	at java.io.FileOutputStream.<init>(FileOutputStream.java:101)
	at org.apache.catalina.session.StandardManager.doUnload(StandardManager.java:299)
	at org.apache.catalina.session.StandardManager.unload(StandardManager.java:265)
	at org.apache.catalina.session.StandardManager.stopInternal(StandardManager.java:384)
	at org.apache.catalina.util.LifecycleBase.stop(LifecycleBase.java:226)
	at org.apache.catalina.core.StandardContext.stopInternal(StandardContext.java:5425)
	at org.apache.catalina.util.LifecycleBase.stop(LifecycleBase.java:226)
	at org.apache.catalina.core.ContainerBase$StopChild.call(ContainerBase.java:1435)
	at org.apache.catalina.core.ContainerBase$StopChild.call(ContainerBase.java:1424)
	at java.util.concurrent.FutureTask.run(FutureTask.java:266)
	at java.util.concurrent.ThreadPoolExecutor.runWorker(ThreadPoolExecutor.java:1149)
	at java.util.concurrent.ThreadPoolExecutor$Worker.run(ThreadPoolExecutor.java:624)
	at java.lang.Thread.run(Thread.java:750)

10-May-2023 09:46:15.125 INFO [main] org.apache.coyote.AbstractProtocol.stop Stopping ProtocolHandler ["http-nio-8081"]
10-May-2023 09:46:15.129 INFO [main] org.apache.coyote.AbstractProtocol.stop Stopping ProtocolHandler ["ajp-nio-8010"]
10-May-2023 09:46:15.133 INFO [main] org.apache.coyote.AbstractProtocol.destroy Destroying ProtocolHandler ["http-nio-8081"]
10-May-2023 09:46:15.133 INFO [main] org.apache.coyote.AbstractProtocol.destroy Destroying ProtocolHandler ["ajp-nio-8010"]
10-May-2023 09:46:32.685 INFO [main] org.apache.catalina.startup.VersionLoggerListener.log Server version:        Apache Tomcat/8.5.24
10-May-2023 09:46:32.691 INFO [main] org.apache.catalina.startup.VersionLoggerListener.log Server built:          Nov 27 2017 13:05:30 UTC
10-May-2023 09:46:32.691 INFO [main] org.apache.catalina.startup.VersionLoggerListener.log Server number:         8.5.24.0
10-May-2023 09:46:32.691 INFO [main] org.apache.catalina.startup.VersionLoggerListener.log OS Name:               Mac OS X
10-May-2023 09:46:32.691 INFO [main] org.apache.catalina.startup.VersionLoggerListener.log OS Version:            13.3.1
10-May-2023 09:46:32.691 INFO [main] org.apache.catalina.startup.VersionLoggerListener.log Architecture:          x86_64
10-May-2023 09:46:32.691 INFO [main] org.apache.catalina.startup.VersionLoggerListener.log Java Home:             /Library/Java/JavaVirtualMachines/jdk-1.8.jdk/Contents/Home/jre
10-May-2023 09:46:32.691 INFO [main] org.apache.catalina.startup.VersionLoggerListener.log JVM Version:           1.8.0_371-b11
10-May-2023 09:46:32.691 INFO [main] org.apache.catalina.startup.VersionLoggerListener.log JVM Vendor:            Oracle Corporation
10-May-2023 09:46:32.691 INFO [main] org.apache.catalina.startup.VersionLoggerListener.log CATALINA_BASE:         /Users/wg/Universal-Migration-Tool/tomcat
10-May-2023 09:46:32.691 INFO [main] org.apache.catalina.startup.VersionLoggerListener.log CATALINA_HOME:         /Users/wg/Universal-Migration-Tool/tomcat
10-May-2023 09:46:32.692 INFO [main] org.apache.catalina.startup.VersionLoggerListener.log Command line argument: -Djava.util.logging.config.file=/Users/wg/Universal-Migration-Tool/tomcat/conf/logging.properties
10-May-2023 09:46:32.692 INFO [main] org.apache.catalina.startup.VersionLoggerListener.log Command line argument: -Djava.util.logging.manager=org.apache.juli.ClassLoaderLogManager
10-May-2023 09:46:32.692 INFO [main] org.apache.catalina.startup.VersionLoggerListener.log Command line argument: -Djdk.tls.ephemeralDHKeySize=2048
10-May-2023 09:46:32.692 INFO [main] org.apache.catalina.startup.VersionLoggerListener.log Command line argument: -Djava.protocol.handler.pkgs=org.apache.catalina.webresources
10-May-2023 09:46:32.692 INFO [main] org.apache.catalina.startup.VersionLoggerListener.log Command line argument: -Dignore.endorsed.dirs=
10-May-2023 09:46:32.693 INFO [main] org.apache.catalina.startup.VersionLoggerListener.log Command line argument: -Dcatalina.base=/Users/wg/Universal-Migration-Tool/tomcat
10-May-2023 09:46:32.693 INFO [main] org.apache.catalina.startup.VersionLoggerListener.log Command line argument: -Dcatalina.home=/Users/wg/Universal-Migration-Tool/tomcat
10-May-2023 09:46:32.693 INFO [main] org.apache.catalina.startup.VersionLoggerListener.log Command line argument: -Djava.io.tmpdir=/Users/wg/Universal-Migration-Tool/tomcat/temp
10-May-2023 09:46:32.693 INFO [main] org.apache.catalina.core.AprLifecycleListener.lifecycleEvent The APR based Apache Tomcat Native library which allows optimal performance in production environments was not found on the java.library.path: [/Users/wg/Library/Java/Extensions:/Library/Java/Extensions:/Network/Library/Java/Extensions:/System/Library/Java/Extensions:/usr/lib/java:.]
10-May-2023 09:46:32.887 INFO [main] org.apache.coyote.AbstractProtocol.init Initializing ProtocolHandler ["http-nio-8081"]
10-May-2023 09:46:32.901 INFO [main] org.apache.tomcat.util.net.NioSelectorPool.getSharedSelector Using a shared selector for servlet write/read
10-May-2023 09:46:32.907 INFO [main] org.apache.coyote.AbstractProtocol.init Initializing ProtocolHandler ["ajp-nio-8010"]
10-May-2023 09:46:32.910 INFO [main] org.apache.tomcat.util.net.NioSelectorPool.getSharedSelector Using a shared selector for servlet write/read
10-May-2023 09:46:32.910 INFO [main] org.apache.catalina.startup.Catalina.load Initialization processed in 615 ms
10-May-2023 09:46:33.011 INFO [main] org.apache.catalina.core.StandardService.startInternal Starting service [Catalina]
10-May-2023 09:46:33.011 INFO [main] org.apache.catalina.core.StandardEngine.startInternal Starting Servlet Engine: Apache Tomcat/8.5.24
10-May-2023 09:46:33.016 INFO [localhost-startStop-1] org.apache.catalina.startup.HostConfig.deployDirectory Deploying web application directory [/Users/wg/Universal-Migration-Tool/tomcat/webapps/ROOT]
10-May-2023 09:46:34.094 INFO [localhost-startStop-1] org.apache.jasper.servlet.TldScanner.scanJars At least one JAR was scanned for TLDs yet contained no TLDs. Enable debug logging for this logger for a complete list of JARs that were scanned but no TLDs were found in them. Skipping unneeded JARs during scanning can improve startup time and JSP compilation time.
10-May-2023 09:46:34.237 INFO [localhost-startStop-1] com.opensymphony.xwork2.util.logging.commons.CommonsLogger.info Parsing configuration file [struts-default.xml]
10-May-2023 09:46:34.283 INFO [localhost-startStop-1] com.opensymphony.xwork2.util.logging.commons.CommonsLogger.info Unable to locate configuration files of the name struts-plugin.xml, skipping
10-May-2023 09:46:34.284 INFO [localhost-startStop-1] com.opensymphony.xwork2.util.logging.commons.CommonsLogger.info Parsing configuration file [struts-plugin.xml]
10-May-2023 09:46:34.305 INFO [localhost-startStop-1] com.opensymphony.xwork2.util.logging.commons.CommonsLogger.info Parsing configuration file [struts.xml]
10-May-2023 09:46:34.551 SEVERE [localhost-startStop-1] com.opensymphony.xwork2.util.logging.commons.CommonsLogger.error Dispatcher initialization failed
 Unable to load configuration. - action - file:/Users/wg/Universal-Migration-Tool/tomcat/webapps/ROOT/WEB-INF/classes/struts.xml:141:79
	at com.opensymphony.xwork2.config.ConfigurationManager.getConfiguration(ConfigurationManager.java:58)
	at org.apache.struts2.dispatcher.Dispatcher.init_PreloadConfiguration(Dispatcher.java:374)
	at org.apache.struts2.dispatcher.Dispatcher.init(Dispatcher.java:418)
	at org.apache.struts2.dispatcher.ng.InitOperations.initDispatcher(InitOperations.java:69)
	at org.apache.struts2.dispatcher.ng.filter.StrutsPrepareAndExecuteFilter.init(StrutsPrepareAndExecuteFilter.java:51)
	at org.apache.catalina.core.ApplicationFilterConfig.initFilter(ApplicationFilterConfig.java:285)
	at org.apache.catalina.core.ApplicationFilterConfig.getFilter(ApplicationFilterConfig.java:266)
	at org.apache.catalina.core.ApplicationFilterConfig.<init>(ApplicationFilterConfig.java:108)
	at org.apache.catalina.core.StandardContext.filterStart(StandardContext.java:4590)
	at org.apache.catalina.core.StandardContext.startInternal(StandardContext.java:5233)
	at org.apache.catalina.util.LifecycleBase.start(LifecycleBase.java:150)
	at org.apache.catalina.core.ContainerBase.addChildInternal(ContainerBase.java:752)
	at org.apache.catalina.core.ContainerBase.addChild(ContainerBase.java:728)
	at org.apache.catalina.core.StandardHost.addChild(StandardHost.java:734)
	at org.apache.catalina.startup.HostConfig.deployDirectory(HostConfig.java:1141)
	at org.apache.catalina.startup.HostConfig$DeployDirectory.run(HostConfig.java:1875)
	at java.util.concurrent.Executors$RunnableAdapter.call(Executors.java:511)
	at java.util.concurrent.FutureTask.run(FutureTask.java:266)
	at java.util.concurrent.ThreadPoolExecutor.runWorker(ThreadPoolExecutor.java:1149)
	at java.util.concurrent.ThreadPoolExecutor$Worker.run(ThreadPoolExecutor.java:624)
	at java.lang.Thread.run(Thread.java:750)
Caused by: Action class [com.example.struts2.UrlAction] not found - action - file:/Users/wg/Universal-Migration-Tool/tomcat/webapps/ROOT/WEB-INF/classes/struts.xml:141:79
	at com.opensymphony.xwork2.config.providers.XmlConfigurationProvider.verifyAction(XmlConfigurationProvider.java:409)
	at com.opensymphony.xwork2.config.providers.XmlConfigurationProvider.addAction(XmlConfigurationProvider.java:354)
	at com.opensymphony.xwork2.config.providers.XmlConfigurationProvider.addPackage(XmlConfigurationProvider.java:468)
	at com.opensymphony.xwork2.config.providers.XmlConfigurationProvider.loadPackages(XmlConfigurationProvider.java:264)
	at org.apache.struts2.config.StrutsXmlConfigurationProvider.loadPackages(StrutsXmlConfigurationProvider.java:111)
	at com.opensymphony.xwork2.config.impl.DefaultConfiguration.reloadContainer(DefaultConfiguration.java:193)
	at com.opensymphony.xwork2.config.ConfigurationManager.getConfiguration(ConfigurationManager.java:55)
	... 20 more

10-May-2023 09:46:34.554 SEVERE [localhost-startStop-1] org.apache.catalina.core.StandardContext.startInternal One or more Filters failed to start. Full details will be found in the appropriate container log file
10-May-2023 09:46:34.554 SEVERE [localhost-startStop-1] org.apache.catalina.core.StandardContext.startInternal Context [] startup failed due to previous errors
10-May-2023 09:46:34.563 INFO [localhost-startStop-1] org.apache.catalina.startup.HostConfig.deployDirectory Deployment of web application directory [/Users/wg/Universal-Migration-Tool/tomcat/webapps/ROOT] has finished in [1,547] ms
10-May-2023 09:46:34.565 INFO [main] org.apache.coyote.AbstractProtocol.start Starting ProtocolHandler ["http-nio-8081"]
10-May-2023 09:46:34.569 INFO [main] org.apache.coyote.AbstractProtocol.start Starting ProtocolHandler ["ajp-nio-8010"]
10-May-2023 09:46:34.570 INFO [main] org.apache.catalina.startup.Catalina.start Server startup in 1659 ms
10-May-2023 09:47:00.708 INFO [main] org.apache.catalina.startup.VersionLoggerListener.log Server version:        Apache Tomcat/8.5.24
10-May-2023 09:47:00.714 INFO [main] org.apache.catalina.startup.VersionLoggerListener.log Server built:          Nov 27 2017 13:05:30 UTC
10-May-2023 09:47:00.714 INFO [main] org.apache.catalina.startup.VersionLoggerListener.log Server number:         8.5.24.0
10-May-2023 09:47:00.714 INFO [main] org.apache.catalina.startup.VersionLoggerListener.log OS Name:               Mac OS X
10-May-2023 09:47:00.714 INFO [main] org.apache.catalina.startup.VersionLoggerListener.log OS Version:            13.3.1
10-May-2023 09:47:00.714 INFO [main] org.apache.catalina.startup.VersionLoggerListener.log Architecture:          x86_64
10-May-2023 09:47:00.714 INFO [main] org.apache.catalina.startup.VersionLoggerListener.log Java Home:             /Library/Java/JavaVirtualMachines/jdk-1.8.jdk/Contents/Home/jre
10-May-2023 09:47:00.714 INFO [main] org.apache.catalina.startup.VersionLoggerListener.log JVM Version:           1.8.0_371-b11
10-May-2023 09:47:00.714 INFO [main] org.apache.catalina.startup.VersionLoggerListener.log JVM Vendor:            Oracle Corporation
10-May-2023 09:47:00.714 INFO [main] org.apache.catalina.startup.VersionLoggerListener.log CATALINA_BASE:         /Users/wg/Universal-Migration-Tool/tomcat
10-May-2023 09:47:00.714 INFO [main] org.apache.catalina.startup.VersionLoggerListener.log CATALINA_HOME:         /Users/wg/Universal-Migration-Tool/tomcat
10-May-2023 09:47:00.715 INFO [main] org.apache.catalina.startup.VersionLoggerListener.log Command line argument: -Djava.util.logging.config.file=/Users/wg/Universal-Migration-Tool/tomcat/conf/logging.properties
10-May-2023 09:47:00.715 INFO [main] org.apache.catalina.startup.VersionLoggerListener.log Command line argument: -Djava.util.logging.manager=org.apache.juli.ClassLoaderLogManager
10-May-2023 09:47:00.715 INFO [main] org.apache.catalina.startup.VersionLoggerListener.log Command line argument: -Djdk.tls.ephemeralDHKeySize=2048
10-May-2023 09:47:00.715 INFO [main] org.apache.catalina.startup.VersionLoggerListener.log Command line argument: -Djava.protocol.handler.pkgs=org.apache.catalina.webresources
10-May-2023 09:47:00.715 INFO [main] org.apache.catalina.startup.VersionLoggerListener.log Command line argument: -Dignore.endorsed.dirs=
10-May-2023 09:47:00.715 INFO [main] org.apache.catalina.startup.VersionLoggerListener.log Command line argument: -Dcatalina.base=/Users/wg/Universal-Migration-Tool/tomcat
10-May-2023 09:47:00.715 INFO [main] org.apache.catalina.startup.VersionLoggerListener.log Command line argument: -Dcatalina.home=/Users/wg/Universal-Migration-Tool/tomcat
10-May-2023 09:47:00.715 INFO [main] org.apache.catalina.startup.VersionLoggerListener.log Command line argument: -Djava.io.tmpdir=/Users/wg/Universal-Migration-Tool/tomcat/temp
10-May-2023 09:47:00.715 INFO [main] org.apache.catalina.core.AprLifecycleListener.lifecycleEvent The APR based Apache Tomcat Native library which allows optimal performance in production environments was not found on the java.library.path: [/Users/wg/Library/Java/Extensions:/Library/Java/Extensions:/Network/Library/Java/Extensions:/System/Library/Java/Extensions:/usr/lib/java:.]
10-May-2023 09:47:00.920 INFO [main] org.apache.coyote.AbstractProtocol.init Initializing ProtocolHandler ["http-nio-8081"]
10-May-2023 09:47:00.932 SEVERE [main] org.apache.catalina.core.StandardService.initInternal Failed to initialize connector [Connector[HTTP/1.1-8081]]
 org.apache.catalina.LifecycleException: Failed to initialize component [Connector[HTTP/1.1-8081]]
	at org.apache.catalina.util.LifecycleBase.init(LifecycleBase.java:112)
	at org.apache.catalina.core.StandardService.initInternal(StandardService.java:549)
	at org.apache.catalina.util.LifecycleBase.init(LifecycleBase.java:107)
	at org.apache.catalina.core.StandardServer.initInternal(StandardServer.java:875)
	at org.apache.catalina.util.LifecycleBase.init(LifecycleBase.java:107)
	at org.apache.catalina.startup.Catalina.load(Catalina.java:621)
	at org.apache.catalina.startup.Catalina.load(Catalina.java:644)
	at sun.reflect.NativeMethodAccessorImpl.invoke0(Native Method)
	at sun.reflect.NativeMethodAccessorImpl.invoke(NativeMethodAccessorImpl.java:62)
	at sun.reflect.DelegatingMethodAccessorImpl.invoke(DelegatingMethodAccessorImpl.java:43)
	at java.lang.reflect.Method.invoke(Method.java:498)
	at org.apache.catalina.startup.Bootstrap.load(Bootstrap.java:309)
	at org.apache.catalina.startup.Bootstrap.main(Bootstrap.java:492)
Caused by: org.apache.catalina.LifecycleException: Protocol handler initialization failed
	at org.apache.catalina.connector.Connector.initInternal(Connector.java:995)
	at org.apache.catalina.util.LifecycleBase.init(LifecycleBase.java:107)
	... 12 more
Caused by: java.net.BindException: Address already in use
	at sun.nio.ch.Net.bind0(Native Method)
	at sun.nio.ch.Net.bind(Net.java:438)
	at sun.nio.ch.Net.bind(Net.java:430)
	at sun.nio.ch.ServerSocketChannelImpl.bind(ServerSocketChannelImpl.java:225)
	at sun.nio.ch.ServerSocketAdaptor.bind(ServerSocketAdaptor.java:74)
	at org.apache.tomcat.util.net.NioEndpoint.bind(NioEndpoint.java:210)
	at org.apache.tomcat.util.net.AbstractEndpoint.init(AbstractEndpoint.java:1082)
	at org.apache.tomcat.util.net.AbstractJsseEndpoint.init(AbstractJsseEndpoint.java:267)
	at org.apache.coyote.AbstractProtocol.init(AbstractProtocol.java:581)
	at org.apache.coyote.http11.AbstractHttp11Protocol.init(AbstractHttp11Protocol.java:66)
	at org.apache.catalina.connector.Connector.initInternal(Connector.java:993)
	... 13 more

10-May-2023 09:47:00.934 INFO [main] org.apache.coyote.AbstractProtocol.init Initializing ProtocolHandler ["ajp-nio-8010"]
10-May-2023 09:47:00.935 SEVERE [main] org.apache.catalina.core.StandardService.initInternal Failed to initialize connector [Connector[AJP/1.3-8010]]
 org.apache.catalina.LifecycleException: Failed to initialize component [Connector[AJP/1.3-8010]]
	at org.apache.catalina.util.LifecycleBase.init(LifecycleBase.java:112)
	at org.apache.catalina.core.StandardService.initInternal(StandardService.java:549)
	at org.apache.catalina.util.LifecycleBase.init(LifecycleBase.java:107)
	at org.apache.catalina.core.StandardServer.initInternal(StandardServer.java:875)
	at org.apache.catalina.util.LifecycleBase.init(LifecycleBase.java:107)
	at org.apache.catalina.startup.Catalina.load(Catalina.java:621)
	at org.apache.catalina.startup.Catalina.load(Catalina.java:644)
	at sun.reflect.NativeMethodAccessorImpl.invoke0(Native Method)
	at sun.reflect.NativeMethodAccessorImpl.invoke(NativeMethodAccessorImpl.java:62)
	at sun.reflect.DelegatingMethodAccessorImpl.invoke(DelegatingMethodAccessorImpl.java:43)
	at java.lang.reflect.Method.invoke(Method.java:498)
	at org.apache.catalina.startup.Bootstrap.load(Bootstrap.java:309)
	at org.apache.catalina.startup.Bootstrap.main(Bootstrap.java:492)
Caused by: org.apache.catalina.LifecycleException: Protocol handler initialization failed
	at org.apache.catalina.connector.Connector.initInternal(Connector.java:995)
	at org.apache.catalina.util.LifecycleBase.init(LifecycleBase.java:107)
	... 12 more
Caused by: java.net.BindException: Address already in use
	at sun.nio.ch.Net.bind0(Native Method)
	at sun.nio.ch.Net.bind(Net.java:438)
	at sun.nio.ch.Net.bind(Net.java:430)
	at sun.nio.ch.ServerSocketChannelImpl.bind(ServerSocketChannelImpl.java:225)
	at sun.nio.ch.ServerSocketAdaptor.bind(ServerSocketAdaptor.java:74)
	at org.apache.tomcat.util.net.NioEndpoint.bind(NioEndpoint.java:210)
	at org.apache.tomcat.util.net.AbstractEndpoint.init(AbstractEndpoint.java:1082)
	at org.apache.tomcat.util.net.AbstractJsseEndpoint.init(AbstractJsseEndpoint.java:267)
	at org.apache.coyote.AbstractProtocol.init(AbstractProtocol.java:581)
	at org.apache.catalina.connector.Connector.initInternal(Connector.java:993)
	... 13 more

10-May-2023 09:47:00.936 INFO [main] org.apache.catalina.startup.Catalina.load Initialization processed in 655 ms
10-May-2023 09:47:01.029 INFO [main] org.apache.catalina.core.StandardService.startInternal Starting service [Catalina]
10-May-2023 09:47:01.030 INFO [main] org.apache.catalina.core.StandardEngine.startInternal Starting Servlet Engine: Apache Tomcat/8.5.24
10-May-2023 09:47:01.035 INFO [localhost-startStop-1] org.apache.catalina.startup.HostConfig.deployDirectory Deploying web application directory [/Users/wg/Universal-Migration-Tool/tomcat/webapps/ROOT]
10-May-2023 09:47:02.028 INFO [localhost-startStop-1] org.apache.jasper.servlet.TldScanner.scanJars At least one JAR was scanned for TLDs yet contained no TLDs. Enable debug logging for this logger for a complete list of JARs that were scanned but no TLDs were found in them. Skipping unneeded JARs during scanning can improve startup time and JSP compilation time.
10-May-2023 09:47:02.184 INFO [localhost-startStop-1] com.opensymphony.xwork2.util.logging.commons.CommonsLogger.info Parsing configuration file [struts-default.xml]
10-May-2023 09:47:02.235 INFO [localhost-startStop-1] com.opensymphony.xwork2.util.logging.commons.CommonsLogger.info Unable to locate configuration files of the name struts-plugin.xml, skipping
10-May-2023 09:47:02.236 INFO [localhost-startStop-1] com.opensymphony.xwork2.util.logging.commons.CommonsLogger.info Parsing configuration file [struts-plugin.xml]
10-May-2023 09:47:02.268 INFO [localhost-startStop-1] com.opensymphony.xwork2.util.logging.commons.CommonsLogger.info Parsing configuration file [struts.xml]
10-May-2023 09:47:02.507 SEVERE [localhost-startStop-1] com.opensymphony.xwork2.util.logging.commons.CommonsLogger.error Dispatcher initialization failed
 Unable to load configuration. - action - file:/Users/wg/Universal-Migration-Tool/tomcat/webapps/ROOT/WEB-INF/classes/struts.xml:141:79
	at com.opensymphony.xwork2.config.ConfigurationManager.getConfiguration(ConfigurationManager.java:58)
	at org.apache.struts2.dispatcher.Dispatcher.init_PreloadConfiguration(Dispatcher.java:374)
	at org.apache.struts2.dispatcher.Dispatcher.init(Dispatcher.java:418)
	at org.apache.struts2.dispatcher.ng.InitOperations.initDispatcher(InitOperations.java:69)
	at org.apache.struts2.dispatcher.ng.filter.StrutsPrepareAndExecuteFilter.init(StrutsPrepareAndExecuteFilter.java:51)
	at org.apache.catalina.core.ApplicationFilterConfig.initFilter(ApplicationFilterConfig.java:285)
	at org.apache.catalina.core.ApplicationFilterConfig.getFilter(ApplicationFilterConfig.java:266)
	at org.apache.catalina.core.ApplicationFilterConfig.<init>(ApplicationFilterConfig.java:108)
	at org.apache.catalina.core.StandardContext.filterStart(StandardContext.java:4590)
	at org.apache.catalina.core.StandardContext.startInternal(StandardContext.java:5233)
	at org.apache.catalina.util.LifecycleBase.start(LifecycleBase.java:150)
	at org.apache.catalina.core.ContainerBase.addChildInternal(ContainerBase.java:752)
	at org.apache.catalina.core.ContainerBase.addChild(ContainerBase.java:728)
	at org.apache.catalina.core.StandardHost.addChild(StandardHost.java:734)
	at org.apache.catalina.startup.HostConfig.deployDirectory(HostConfig.java:1141)
	at org.apache.catalina.startup.HostConfig$DeployDirectory.run(HostConfig.java:1875)
	at java.util.concurrent.Executors$RunnableAdapter.call(Executors.java:511)
	at java.util.concurrent.FutureTask.run(FutureTask.java:266)
	at java.util.concurrent.ThreadPoolExecutor.runWorker(ThreadPoolExecutor.java:1149)
	at java.util.concurrent.ThreadPoolExecutor$Worker.run(ThreadPoolExecutor.java:624)
	at java.lang.Thread.run(Thread.java:750)
Caused by: Action class [com.example.struts2.UrlAction] not found - action - file:/Users/wg/Universal-Migration-Tool/tomcat/webapps/ROOT/WEB-INF/classes/struts.xml:141:79
	at com.opensymphony.xwork2.config.providers.XmlConfigurationProvider.verifyAction(XmlConfigurationProvider.java:409)
	at com.opensymphony.xwork2.config.providers.XmlConfigurationProvider.addAction(XmlConfigurationProvider.java:354)
	at com.opensymphony.xwork2.config.providers.XmlConfigurationProvider.addPackage(XmlConfigurationProvider.java:468)
	at com.opensymphony.xwork2.config.providers.XmlConfigurationProvider.loadPackages(XmlConfigurationProvider.java:264)
	at org.apache.struts2.config.StrutsXmlConfigurationProvider.loadPackages(StrutsXmlConfigurationProvider.java:111)
	at com.opensymphony.xwork2.config.impl.DefaultConfiguration.reloadContainer(DefaultConfiguration.java:193)
	at com.opensymphony.xwork2.config.ConfigurationManager.getConfiguration(ConfigurationManager.java:55)
	... 20 more

10-May-2023 09:47:02.510 SEVERE [localhost-startStop-1] org.apache.catalina.core.StandardContext.startInternal One or more Filters failed to start. Full details will be found in the appropriate container log file
10-May-2023 09:47:02.510 SEVERE [localhost-startStop-1] org.apache.catalina.core.StandardContext.startInternal Context [] startup failed due to previous errors
10-May-2023 09:47:02.519 INFO [localhost-startStop-1] org.apache.catalina.startup.HostConfig.deployDirectory Deployment of web application directory [/Users/wg/Universal-Migration-Tool/tomcat/webapps/ROOT] has finished in [1,484] ms
10-May-2023 09:47:02.521 INFO [main] org.apache.catalina.startup.Catalina.start Server startup in 1584 ms
10-May-2023 09:47:02.524 SEVERE [main] org.apache.catalina.core.StandardServer.await StandardServer.await: create[localhost:8006]: 
 java.net.BindException: Address already in use (Bind failed)
	at java.net.PlainSocketImpl.socketBind(Native Method)
	at java.net.AbstractPlainSocketImpl.bind(AbstractPlainSocketImpl.java:513)
	at java.net.ServerSocket.bind(ServerSocket.java:375)
	at java.net.ServerSocket.<init>(ServerSocket.java:237)
	at org.apache.catalina.core.StandardServer.await(StandardServer.java:440)
	at org.apache.catalina.startup.Catalina.await(Catalina.java:758)
	at org.apache.catalina.startup.Catalina.start(Catalina.java:704)
	at sun.reflect.NativeMethodAccessorImpl.invoke0(Native Method)
	at sun.reflect.NativeMethodAccessorImpl.invoke(NativeMethodAccessorImpl.java:62)
	at sun.reflect.DelegatingMethodAccessorImpl.invoke(DelegatingMethodAccessorImpl.java:43)
	at java.lang.reflect.Method.invoke(Method.java:498)
	at org.apache.catalina.startup.Bootstrap.start(Bootstrap.java:353)
	at org.apache.catalina.startup.Bootstrap.main(Bootstrap.java:493)

10-May-2023 09:47:02.524 INFO [main] org.apache.coyote.AbstractProtocol.pause Pausing ProtocolHandler ["http-nio-8081"]
10-May-2023 09:47:02.524 INFO [main] org.apache.coyote.AbstractProtocol.pause Pausing ProtocolHandler ["ajp-nio-8010"]
10-May-2023 09:47:02.524 INFO [main] org.apache.catalina.core.StandardService.stopInternal Stopping service [Catalina]
10-May-2023 09:47:02.525 INFO [main] org.apache.coyote.AbstractProtocol.stop Stopping ProtocolHandler ["http-nio-8081"]
10-May-2023 09:47:02.525 INFO [main] org.apache.coyote.AbstractProtocol.destroy Destroying ProtocolHandler ["http-nio-8081"]
10-May-2023 09:47:02.526 INFO [main] org.apache.coyote.AbstractProtocol.stop Stopping ProtocolHandler ["ajp-nio-8010"]
10-May-2023 09:47:02.526 INFO [main] org.apache.coyote.AbstractProtocol.destroy Destroying ProtocolHandler ["ajp-nio-8010"]
10-May-2023 09:49:37.149 INFO [main] org.apache.catalina.startup.VersionLoggerListener.log Server version:        Apache Tomcat/8.5.24
10-May-2023 09:49:37.156 INFO [main] org.apache.catalina.startup.VersionLoggerListener.log Server built:          Nov 27 2017 13:05:30 UTC
10-May-2023 09:49:37.156 INFO [main] org.apache.catalina.startup.VersionLoggerListener.log Server number:         8.5.24.0
10-May-2023 09:49:37.156 INFO [main] org.apache.catalina.startup.VersionLoggerListener.log OS Name:               Mac OS X
10-May-2023 09:49:37.156 INFO [main] org.apache.catalina.startup.VersionLoggerListener.log OS Version:            13.3.1
10-May-2023 09:49:37.156 INFO [main] org.apache.catalina.startup.VersionLoggerListener.log Architecture:          x86_64
10-May-2023 09:49:37.156 INFO [main] org.apache.catalina.startup.VersionLoggerListener.log Java Home:             /Library/Java/JavaVirtualMachines/jdk-1.8.jdk/Contents/Home/jre
10-May-2023 09:49:37.156 INFO [main] org.apache.catalina.startup.VersionLoggerListener.log JVM Version:           1.8.0_371-b11
10-May-2023 09:49:37.156 INFO [main] org.apache.catalina.startup.VersionLoggerListener.log JVM Vendor:            Oracle Corporation
10-May-2023 09:49:37.156 INFO [main] org.apache.catalina.startup.VersionLoggerListener.log CATALINA_BASE:         /Users/wg/Universal-Migration-Tool/tomcat
10-May-2023 09:49:37.157 INFO [main] org.apache.catalina.startup.VersionLoggerListener.log CATALINA_HOME:         /Users/wg/Universal-Migration-Tool/tomcat
10-May-2023 09:49:37.157 INFO [main] org.apache.catalina.startup.VersionLoggerListener.log Command line argument: -Djava.util.logging.config.file=/Users/wg/Universal-Migration-Tool/tomcat/conf/logging.properties
10-May-2023 09:49:37.157 INFO [main] org.apache.catalina.startup.VersionLoggerListener.log Command line argument: -Djava.util.logging.manager=org.apache.juli.ClassLoaderLogManager
10-May-2023 09:49:37.157 INFO [main] org.apache.catalina.startup.VersionLoggerListener.log Command line argument: -Djdk.tls.ephemeralDHKeySize=2048
10-May-2023 09:49:37.157 INFO [main] org.apache.catalina.startup.VersionLoggerListener.log Command line argument: -Djava.protocol.handler.pkgs=org.apache.catalina.webresources
10-May-2023 09:49:37.158 INFO [main] org.apache.catalina.startup.VersionLoggerListener.log Command line argument: -Dignore.endorsed.dirs=
10-May-2023 09:49:37.158 INFO [main] org.apache.catalina.startup.VersionLoggerListener.log Command line argument: -Dcatalina.base=/Users/wg/Universal-Migration-Tool/tomcat
10-May-2023 09:49:37.158 INFO [main] org.apache.catalina.startup.VersionLoggerListener.log Command line argument: -Dcatalina.home=/Users/wg/Universal-Migration-Tool/tomcat
10-May-2023 09:49:37.158 INFO [main] org.apache.catalina.startup.VersionLoggerListener.log Command line argument: -Djava.io.tmpdir=/Users/wg/Universal-Migration-Tool/tomcat/temp
10-May-2023 09:49:37.159 INFO [main] org.apache.catalina.core.AprLifecycleListener.lifecycleEvent The APR based Apache Tomcat Native library which allows optimal performance in production environments was not found on the java.library.path: [/Users/wg/Library/Java/Extensions:/Library/Java/Extensions:/Network/Library/Java/Extensions:/System/Library/Java/Extensions:/usr/lib/java:.]
10-May-2023 09:49:37.368 INFO [main] org.apache.coyote.AbstractProtocol.init Initializing ProtocolHandler ["http-nio-8081"]
10-May-2023 09:49:37.379 SEVERE [main] org.apache.catalina.core.StandardService.initInternal Failed to initialize connector [Connector[HTTP/1.1-8081]]
 org.apache.catalina.LifecycleException: Failed to initialize component [Connector[HTTP/1.1-8081]]
	at org.apache.catalina.util.LifecycleBase.init(LifecycleBase.java:112)
	at org.apache.catalina.core.StandardService.initInternal(StandardService.java:549)
	at org.apache.catalina.util.LifecycleBase.init(LifecycleBase.java:107)
	at org.apache.catalina.core.StandardServer.initInternal(StandardServer.java:875)
	at org.apache.catalina.util.LifecycleBase.init(LifecycleBase.java:107)
	at org.apache.catalina.startup.Catalina.load(Catalina.java:621)
	at org.apache.catalina.startup.Catalina.load(Catalina.java:644)
	at sun.reflect.NativeMethodAccessorImpl.invoke0(Native Method)
	at sun.reflect.NativeMethodAccessorImpl.invoke(NativeMethodAccessorImpl.java:62)
	at sun.reflect.DelegatingMethodAccessorImpl.invoke(DelegatingMethodAccessorImpl.java:43)
	at java.lang.reflect.Method.invoke(Method.java:498)
	at org.apache.catalina.startup.Bootstrap.load(Bootstrap.java:309)
	at org.apache.catalina.startup.Bootstrap.main(Bootstrap.java:492)
Caused by: org.apache.catalina.LifecycleException: Protocol handler initialization failed
	at org.apache.catalina.connector.Connector.initInternal(Connector.java:995)
	at org.apache.catalina.util.LifecycleBase.init(LifecycleBase.java:107)
	... 12 more
Caused by: java.net.BindException: Address already in use
	at sun.nio.ch.Net.bind0(Native Method)
	at sun.nio.ch.Net.bind(Net.java:438)
	at sun.nio.ch.Net.bind(Net.java:430)
	at sun.nio.ch.ServerSocketChannelImpl.bind(ServerSocketChannelImpl.java:225)
	at sun.nio.ch.ServerSocketAdaptor.bind(ServerSocketAdaptor.java:74)
	at org.apache.tomcat.util.net.NioEndpoint.bind(NioEndpoint.java:210)
	at org.apache.tomcat.util.net.AbstractEndpoint.init(AbstractEndpoint.java:1082)
	at org.apache.tomcat.util.net.AbstractJsseEndpoint.init(AbstractJsseEndpoint.java:267)
	at org.apache.coyote.AbstractProtocol.init(AbstractProtocol.java:581)
	at org.apache.coyote.http11.AbstractHttp11Protocol.init(AbstractHttp11Protocol.java:66)
	at org.apache.catalina.connector.Connector.initInternal(Connector.java:993)
	... 13 more

10-May-2023 09:49:37.380 INFO [main] org.apache.coyote.AbstractProtocol.init Initializing ProtocolHandler ["ajp-nio-8010"]
10-May-2023 09:49:37.382 SEVERE [main] org.apache.catalina.core.StandardService.initInternal Failed to initialize connector [Connector[AJP/1.3-8010]]
 org.apache.catalina.LifecycleException: Failed to initialize component [Connector[AJP/1.3-8010]]
	at org.apache.catalina.util.LifecycleBase.init(LifecycleBase.java:112)
	at org.apache.catalina.core.StandardService.initInternal(StandardService.java:549)
	at org.apache.catalina.util.LifecycleBase.init(LifecycleBase.java:107)
	at org.apache.catalina.core.StandardServer.initInternal(StandardServer.java:875)
	at org.apache.catalina.util.LifecycleBase.init(LifecycleBase.java:107)
	at org.apache.catalina.startup.Catalina.load(Catalina.java:621)
	at org.apache.catalina.startup.Catalina.load(Catalina.java:644)
	at sun.reflect.NativeMethodAccessorImpl.invoke0(Native Method)
	at sun.reflect.NativeMethodAccessorImpl.invoke(NativeMethodAccessorImpl.java:62)
	at sun.reflect.DelegatingMethodAccessorImpl.invoke(DelegatingMethodAccessorImpl.java:43)
	at java.lang.reflect.Method.invoke(Method.java:498)
	at org.apache.catalina.startup.Bootstrap.load(Bootstrap.java:309)
	at org.apache.catalina.startup.Bootstrap.main(Bootstrap.java:492)
Caused by: org.apache.catalina.LifecycleException: Protocol handler initialization failed
	at org.apache.catalina.connector.Connector.initInternal(Connector.java:995)
	at org.apache.catalina.util.LifecycleBase.init(LifecycleBase.java:107)
	... 12 more
Caused by: java.net.BindException: Address already in use
	at sun.nio.ch.Net.bind0(Native Method)
	at sun.nio.ch.Net.bind(Net.java:438)
	at sun.nio.ch.Net.bind(Net.java:430)
	at sun.nio.ch.ServerSocketChannelImpl.bind(ServerSocketChannelImpl.java:225)
	at sun.nio.ch.ServerSocketAdaptor.bind(ServerSocketAdaptor.java:74)
	at org.apache.tomcat.util.net.NioEndpoint.bind(NioEndpoint.java:210)
	at org.apache.tomcat.util.net.AbstractEndpoint.init(AbstractEndpoint.java:1082)
	at org.apache.tomcat.util.net.AbstractJsseEndpoint.init(AbstractJsseEndpoint.java:267)
	at org.apache.coyote.AbstractProtocol.init(AbstractProtocol.java:581)
	at org.apache.catalina.connector.Connector.initInternal(Connector.java:993)
	... 13 more

10-May-2023 09:49:37.383 INFO [main] org.apache.catalina.startup.Catalina.load Initialization processed in 639 ms
10-May-2023 09:49:37.478 INFO [main] org.apache.catalina.core.StandardService.startInternal Starting service [Catalina]
10-May-2023 09:49:37.478 INFO [main] org.apache.catalina.core.StandardEngine.startInternal Starting Servlet Engine: Apache Tomcat/8.5.24
10-May-2023 09:49:37.484 INFO [localhost-startStop-1] org.apache.catalina.startup.HostConfig.deployDirectory Deploying web application directory [/Users/wg/Universal-Migration-Tool/tomcat/webapps/ROOT]
10-May-2023 09:49:38.539 INFO [localhost-startStop-1] org.apache.jasper.servlet.TldScanner.scanJars At least one JAR was scanned for TLDs yet contained no TLDs. Enable debug logging for this logger for a complete list of JARs that were scanned but no TLDs were found in them. Skipping unneeded JARs during scanning can improve startup time and JSP compilation time.
10-May-2023 09:49:38.686 INFO [localhost-startStop-1] com.opensymphony.xwork2.util.logging.commons.CommonsLogger.info Parsing configuration file [struts-default.xml]
10-May-2023 09:49:38.753 INFO [localhost-startStop-1] com.opensymphony.xwork2.util.logging.commons.CommonsLogger.info Unable to locate configuration files of the name struts-plugin.xml, skipping
10-May-2023 09:49:38.754 INFO [localhost-startStop-1] com.opensymphony.xwork2.util.logging.commons.CommonsLogger.info Parsing configuration file [struts-plugin.xml]
10-May-2023 09:49:38.788 INFO [localhost-startStop-1] com.opensymphony.xwork2.util.logging.commons.CommonsLogger.info Parsing configuration file [struts.xml]
10-May-2023 09:49:39.028 SEVERE [localhost-startStop-1] com.opensymphony.xwork2.util.logging.commons.CommonsLogger.error Dispatcher initialization failed
 Unable to load configuration. - action - file:/Users/wg/Universal-Migration-Tool/tomcat/webapps/ROOT/WEB-INF/classes/struts.xml:141:99
	at com.opensymphony.xwork2.config.ConfigurationManager.getConfiguration(ConfigurationManager.java:58)
	at org.apache.struts2.dispatcher.Dispatcher.init_PreloadConfiguration(Dispatcher.java:374)
	at org.apache.struts2.dispatcher.Dispatcher.init(Dispatcher.java:418)
	at org.apache.struts2.dispatcher.ng.InitOperations.initDispatcher(InitOperations.java:69)
	at org.apache.struts2.dispatcher.ng.filter.StrutsPrepareAndExecuteFilter.init(StrutsPrepareAndExecuteFilter.java:51)
	at org.apache.catalina.core.ApplicationFilterConfig.initFilter(ApplicationFilterConfig.java:285)
	at org.apache.catalina.core.ApplicationFilterConfig.getFilter(ApplicationFilterConfig.java:266)
	at org.apache.catalina.core.ApplicationFilterConfig.<init>(ApplicationFilterConfig.java:108)
	at org.apache.catalina.core.StandardContext.filterStart(StandardContext.java:4590)
	at org.apache.catalina.core.StandardContext.startInternal(StandardContext.java:5233)
	at org.apache.catalina.util.LifecycleBase.start(LifecycleBase.java:150)
	at org.apache.catalina.core.ContainerBase.addChildInternal(ContainerBase.java:752)
	at org.apache.catalina.core.ContainerBase.addChild(ContainerBase.java:728)
	at org.apache.catalina.core.StandardHost.addChild(StandardHost.java:734)
	at org.apache.catalina.startup.HostConfig.deployDirectory(HostConfig.java:1141)
	at org.apache.catalina.startup.HostConfig$DeployDirectory.run(HostConfig.java:1875)
	at java.util.concurrent.Executors$RunnableAdapter.call(Executors.java:511)
	at java.util.concurrent.FutureTask.run(FutureTask.java:266)
	at java.util.concurrent.ThreadPoolExecutor.runWorker(ThreadPoolExecutor.java:1149)
	at java.util.concurrent.ThreadPoolExecutor$Worker.run(ThreadPoolExecutor.java:624)
	at java.lang.Thread.run(Thread.java:750)
Caused by: Error building results for action addUrl in namespace / - action - file:/Users/wg/Universal-Migration-Tool/tomcat/webapps/ROOT/WEB-INF/classes/struts.xml:141:99
	at com.opensymphony.xwork2.config.providers.XmlConfigurationProvider.addAction(XmlConfigurationProvider.java:367)
	at com.opensymphony.xwork2.config.providers.XmlConfigurationProvider.addPackage(XmlConfigurationProvider.java:468)
	at com.opensymphony.xwork2.config.providers.XmlConfigurationProvider.loadPackages(XmlConfigurationProvider.java:264)
	at org.apache.struts2.config.StrutsXmlConfigurationProvider.loadPackages(StrutsXmlConfigurationProvider.java:111)
	at com.opensymphony.xwork2.config.impl.DefaultConfiguration.reloadContainer(DefaultConfiguration.java:193)
	at com.opensymphony.xwork2.config.ConfigurationManager.getConfiguration(ConfigurationManager.java:55)
	... 20 more
Caused by: There is no result type defined for type 'json' mapped with name 'success'.  Did you mean 'json'? - result - file:/Users/wg/Universal-Migration-Tool/tomcat/webapps/ROOT/WEB-INF/classes/struts.xml:142:41
	at com.opensymphony.xwork2.config.providers.XmlConfigurationProvider.buildResults(XmlConfigurationProvider.java:621)
	at com.opensymphony.xwork2.config.providers.XmlConfigurationProvider.addAction(XmlConfigurationProvider.java:365)
	... 25 more

10-May-2023 09:49:39.031 SEVERE [localhost-startStop-1] org.apache.catalina.core.StandardContext.startInternal One or more Filters failed to start. Full details will be found in the appropriate container log file
10-May-2023 09:49:39.032 SEVERE [localhost-startStop-1] org.apache.catalina.core.StandardContext.startInternal Context [] startup failed due to previous errors
10-May-2023 09:49:39.042 INFO [localhost-startStop-1] org.apache.catalina.startup.HostConfig.deployDirectory Deployment of web application directory [/Users/wg/Universal-Migration-Tool/tomcat/webapps/ROOT] has finished in [1,558] ms
10-May-2023 09:49:39.044 INFO [main] org.apache.catalina.startup.Catalina.start Server startup in 1661 ms
10-May-2023 09:49:39.047 SEVERE [main] org.apache.catalina.core.StandardServer.await StandardServer.await: create[localhost:8006]: 
 java.net.BindException: Address already in use (Bind failed)
	at java.net.PlainSocketImpl.socketBind(Native Method)
	at java.net.AbstractPlainSocketImpl.bind(AbstractPlainSocketImpl.java:513)
	at java.net.ServerSocket.bind(ServerSocket.java:375)
	at java.net.ServerSocket.<init>(ServerSocket.java:237)
	at org.apache.catalina.core.StandardServer.await(StandardServer.java:440)
	at org.apache.catalina.startup.Catalina.await(Catalina.java:758)
	at org.apache.catalina.startup.Catalina.start(Catalina.java:704)
	at sun.reflect.NativeMethodAccessorImpl.invoke0(Native Method)
	at sun.reflect.NativeMethodAccessorImpl.invoke(NativeMethodAccessorImpl.java:62)
	at sun.reflect.DelegatingMethodAccessorImpl.invoke(DelegatingMethodAccessorImpl.java:43)
	at java.lang.reflect.Method.invoke(Method.java:498)
	at org.apache.catalina.startup.Bootstrap.start(Bootstrap.java:353)
	at org.apache.catalina.startup.Bootstrap.main(Bootstrap.java:493)

10-May-2023 09:49:39.047 INFO [main] org.apache.coyote.AbstractProtocol.pause Pausing ProtocolHandler ["http-nio-8081"]
10-May-2023 09:49:39.047 INFO [main] org.apache.coyote.AbstractProtocol.pause Pausing ProtocolHandler ["ajp-nio-8010"]
10-May-2023 09:49:39.047 INFO [main] org.apache.catalina.core.StandardService.stopInternal Stopping service [Catalina]
10-May-2023 09:49:39.049 INFO [main] org.apache.coyote.AbstractProtocol.stop Stopping ProtocolHandler ["http-nio-8081"]
10-May-2023 09:49:39.049 INFO [main] org.apache.coyote.AbstractProtocol.destroy Destroying ProtocolHandler ["http-nio-8081"]
10-May-2023 09:49:39.049 INFO [main] org.apache.coyote.AbstractProtocol.stop Stopping ProtocolHandler ["ajp-nio-8010"]
10-May-2023 09:49:39.049 INFO [main] org.apache.coyote.AbstractProtocol.destroy Destroying ProtocolHandler ["ajp-nio-8010"]
10-May-2023 09:50:24.753 INFO [main] org.apache.catalina.core.StandardServer.await A valid shutdown command was received via the shutdown port. Stopping the Server instance.
10-May-2023 09:50:24.756 INFO [main] org.apache.coyote.AbstractProtocol.pause Pausing ProtocolHandler ["http-nio-8081"]
10-May-2023 09:50:24.768 INFO [main] org.apache.coyote.AbstractProtocol.pause Pausing ProtocolHandler ["ajp-nio-8010"]
10-May-2023 09:50:24.822 INFO [main] org.apache.catalina.core.StandardService.stopInternal Stopping service [Catalina]
10-May-2023 09:50:24.831 INFO [main] org.apache.coyote.AbstractProtocol.stop Stopping ProtocolHandler ["http-nio-8081"]
10-May-2023 09:50:24.833 INFO [main] org.apache.coyote.AbstractProtocol.stop Stopping ProtocolHandler ["ajp-nio-8010"]
10-May-2023 09:50:24.834 INFO [main] org.apache.coyote.AbstractProtocol.destroy Destroying ProtocolHandler ["http-nio-8081"]
10-May-2023 09:50:24.834 INFO [main] org.apache.coyote.AbstractProtocol.destroy Destroying ProtocolHandler ["ajp-nio-8010"]
10-May-2023 09:50:31.563 INFO [main] org.apache.catalina.startup.VersionLoggerListener.log Server version:        Apache Tomcat/8.5.24
10-May-2023 09:50:31.568 INFO [main] org.apache.catalina.startup.VersionLoggerListener.log Server built:          Nov 27 2017 13:05:30 UTC
10-May-2023 09:50:31.568 INFO [main] org.apache.catalina.startup.VersionLoggerListener.log Server number:         8.5.24.0
10-May-2023 09:50:31.568 INFO [main] org.apache.catalina.startup.VersionLoggerListener.log OS Name:               Mac OS X
10-May-2023 09:50:31.568 INFO [main] org.apache.catalina.startup.VersionLoggerListener.log OS Version:            13.3.1
10-May-2023 09:50:31.568 INFO [main] org.apache.catalina.startup.VersionLoggerListener.log Architecture:          x86_64
10-May-2023 09:50:31.569 INFO [main] org.apache.catalina.startup.VersionLoggerListener.log Java Home:             /Library/Java/JavaVirtualMachines/jdk-1.8.jdk/Contents/Home/jre
10-May-2023 09:50:31.569 INFO [main] org.apache.catalina.startup.VersionLoggerListener.log JVM Version:           1.8.0_371-b11
10-May-2023 09:50:31.569 INFO [main] org.apache.catalina.startup.VersionLoggerListener.log JVM Vendor:            Oracle Corporation
10-May-2023 09:50:31.569 INFO [main] org.apache.catalina.startup.VersionLoggerListener.log CATALINA_BASE:         /Users/wg/Universal-Migration-Tool/tomcat
10-May-2023 09:50:31.569 INFO [main] org.apache.catalina.startup.VersionLoggerListener.log CATALINA_HOME:         /Users/wg/Universal-Migration-Tool/tomcat
10-May-2023 09:50:31.569 INFO [main] org.apache.catalina.startup.VersionLoggerListener.log Command line argument: -Djava.util.logging.config.file=/Users/wg/Universal-Migration-Tool/tomcat/conf/logging.properties
10-May-2023 09:50:31.569 INFO [main] org.apache.catalina.startup.VersionLoggerListener.log Command line argument: -Djava.util.logging.manager=org.apache.juli.ClassLoaderLogManager
10-May-2023 09:50:31.569 INFO [main] org.apache.catalina.startup.VersionLoggerListener.log Command line argument: -Djdk.tls.ephemeralDHKeySize=2048
10-May-2023 09:50:31.569 INFO [main] org.apache.catalina.startup.VersionLoggerListener.log Command line argument: -Djava.protocol.handler.pkgs=org.apache.catalina.webresources
10-May-2023 09:50:31.569 INFO [main] org.apache.catalina.startup.VersionLoggerListener.log Command line argument: -Dignore.endorsed.dirs=
10-May-2023 09:50:31.569 INFO [main] org.apache.catalina.startup.VersionLoggerListener.log Command line argument: -Dcatalina.base=/Users/wg/Universal-Migration-Tool/tomcat
10-May-2023 09:50:31.570 INFO [main] org.apache.catalina.startup.VersionLoggerListener.log Command line argument: -Dcatalina.home=/Users/wg/Universal-Migration-Tool/tomcat
10-May-2023 09:50:31.570 INFO [main] org.apache.catalina.startup.VersionLoggerListener.log Command line argument: -Djava.io.tmpdir=/Users/wg/Universal-Migration-Tool/tomcat/temp
10-May-2023 09:50:31.570 INFO [main] org.apache.catalina.core.AprLifecycleListener.lifecycleEvent The APR based Apache Tomcat Native library which allows optimal performance in production environments was not found on the java.library.path: [/Users/wg/Library/Java/Extensions:/Library/Java/Extensions:/Network/Library/Java/Extensions:/System/Library/Java/Extensions:/usr/lib/java:.]
10-May-2023 09:50:31.783 INFO [main] org.apache.coyote.AbstractProtocol.init Initializing ProtocolHandler ["http-nio-8081"]
10-May-2023 09:50:31.797 INFO [main] org.apache.tomcat.util.net.NioSelectorPool.getSharedSelector Using a shared selector for servlet write/read
10-May-2023 09:50:31.801 INFO [main] org.apache.coyote.AbstractProtocol.init Initializing ProtocolHandler ["ajp-nio-8010"]
10-May-2023 09:50:31.802 INFO [main] org.apache.tomcat.util.net.NioSelectorPool.getSharedSelector Using a shared selector for servlet write/read
10-May-2023 09:50:31.803 INFO [main] org.apache.catalina.startup.Catalina.load Initialization processed in 646 ms
10-May-2023 09:50:31.899 INFO [main] org.apache.catalina.core.StandardService.startInternal Starting service [Catalina]
10-May-2023 09:50:31.899 INFO [main] org.apache.catalina.core.StandardEngine.startInternal Starting Servlet Engine: Apache Tomcat/8.5.24
10-May-2023 09:50:31.903 INFO [localhost-startStop-1] org.apache.catalina.startup.HostConfig.deployDirectory Deploying web application directory [/Users/wg/Universal-Migration-Tool/tomcat/webapps/ROOT]
10-May-2023 09:50:32.943 INFO [localhost-startStop-1] org.apache.jasper.servlet.TldScanner.scanJars At least one JAR was scanned for TLDs yet contained no TLDs. Enable debug logging for this logger for a complete list of JARs that were scanned but no TLDs were found in them. Skipping unneeded JARs during scanning can improve startup time and JSP compilation time.
10-May-2023 09:50:33.079 INFO [localhost-startStop-1] com.opensymphony.xwork2.util.logging.commons.CommonsLogger.info Parsing configuration file [struts-default.xml]
10-May-2023 09:50:33.126 INFO [localhost-startStop-1] com.opensymphony.xwork2.util.logging.commons.CommonsLogger.info Unable to locate configuration files of the name struts-plugin.xml, skipping
10-May-2023 09:50:33.127 INFO [localhost-startStop-1] com.opensymphony.xwork2.util.logging.commons.CommonsLogger.info Parsing configuration file [struts-plugin.xml]
10-May-2023 09:50:33.158 INFO [localhost-startStop-1] com.opensymphony.xwork2.util.logging.commons.CommonsLogger.info Parsing configuration file [struts.xml]
10-May-2023 09:50:33.390 SEVERE [localhost-startStop-1] com.opensymphony.xwork2.util.logging.commons.CommonsLogger.error Dispatcher initialization failed
 Unable to load configuration. - action - file:/Users/wg/Universal-Migration-Tool/tomcat/webapps/ROOT/WEB-INF/classes/struts.xml:141:99
	at com.opensymphony.xwork2.config.ConfigurationManager.getConfiguration(ConfigurationManager.java:58)
	at org.apache.struts2.dispatcher.Dispatcher.init_PreloadConfiguration(Dispatcher.java:374)
	at org.apache.struts2.dispatcher.Dispatcher.init(Dispatcher.java:418)
	at org.apache.struts2.dispatcher.ng.InitOperations.initDispatcher(InitOperations.java:69)
	at org.apache.struts2.dispatcher.ng.filter.StrutsPrepareAndExecuteFilter.init(StrutsPrepareAndExecuteFilter.java:51)
	at org.apache.catalina.core.ApplicationFilterConfig.initFilter(ApplicationFilterConfig.java:285)
	at org.apache.catalina.core.ApplicationFilterConfig.getFilter(ApplicationFilterConfig.java:266)
	at org.apache.catalina.core.ApplicationFilterConfig.<init>(ApplicationFilterConfig.java:108)
	at org.apache.catalina.core.StandardContext.filterStart(StandardContext.java:4590)
	at org.apache.catalina.core.StandardContext.startInternal(StandardContext.java:5233)
	at org.apache.catalina.util.LifecycleBase.start(LifecycleBase.java:150)
	at org.apache.catalina.core.ContainerBase.addChildInternal(ContainerBase.java:752)
	at org.apache.catalina.core.ContainerBase.addChild(ContainerBase.java:728)
	at org.apache.catalina.core.StandardHost.addChild(StandardHost.java:734)
	at org.apache.catalina.startup.HostConfig.deployDirectory(HostConfig.java:1141)
	at org.apache.catalina.startup.HostConfig$DeployDirectory.run(HostConfig.java:1875)
	at java.util.concurrent.Executors$RunnableAdapter.call(Executors.java:511)
	at java.util.concurrent.FutureTask.run(FutureTask.java:266)
	at java.util.concurrent.ThreadPoolExecutor.runWorker(ThreadPoolExecutor.java:1149)
	at java.util.concurrent.ThreadPoolExecutor$Worker.run(ThreadPoolExecutor.java:624)
	at java.lang.Thread.run(Thread.java:750)
Caused by: Error building results for action addUrl in namespace / - action - file:/Users/wg/Universal-Migration-Tool/tomcat/webapps/ROOT/WEB-INF/classes/struts.xml:141:99
	at com.opensymphony.xwork2.config.providers.XmlConfigurationProvider.addAction(XmlConfigurationProvider.java:367)
	at com.opensymphony.xwork2.config.providers.XmlConfigurationProvider.addPackage(XmlConfigurationProvider.java:468)
	at com.opensymphony.xwork2.config.providers.XmlConfigurationProvider.loadPackages(XmlConfigurationProvider.java:264)
	at org.apache.struts2.config.StrutsXmlConfigurationProvider.loadPackages(StrutsXmlConfigurationProvider.java:111)
	at com.opensymphony.xwork2.config.impl.DefaultConfiguration.reloadContainer(DefaultConfiguration.java:193)
	at com.opensymphony.xwork2.config.ConfigurationManager.getConfiguration(ConfigurationManager.java:55)
	... 20 more
Caused by: There is no result type defined for type 'json' mapped with name 'success'.  Did you mean 'json'? - result - file:/Users/wg/Universal-Migration-Tool/tomcat/webapps/ROOT/WEB-INF/classes/struts.xml:142:41
	at com.opensymphony.xwork2.config.providers.XmlConfigurationProvider.buildResults(XmlConfigurationProvider.java:621)
	at com.opensymphony.xwork2.config.providers.XmlConfigurationProvider.addAction(XmlConfigurationProvider.java:365)
	... 25 more

10-May-2023 09:50:33.392 SEVERE [localhost-startStop-1] org.apache.catalina.core.StandardContext.startInternal One or more Filters failed to start. Full details will be found in the appropriate container log file
10-May-2023 09:50:33.393 SEVERE [localhost-startStop-1] org.apache.catalina.core.StandardContext.startInternal Context [] startup failed due to previous errors
10-May-2023 09:50:33.403 INFO [localhost-startStop-1] org.apache.catalina.startup.HostConfig.deployDirectory Deployment of web application directory [/Users/wg/Universal-Migration-Tool/tomcat/webapps/ROOT] has finished in [1,499] ms
10-May-2023 09:50:33.404 INFO [main] org.apache.coyote.AbstractProtocol.start Starting ProtocolHandler ["http-nio-8081"]
10-May-2023 09:50:33.407 INFO [main] org.apache.coyote.AbstractProtocol.start Starting ProtocolHandler ["ajp-nio-8010"]
10-May-2023 09:50:33.409 INFO [main] org.apache.catalina.startup.Catalina.start Server startup in 1605 ms
10-May-2023 09:53:41.236 INFO [main] org.apache.catalina.core.StandardServer.await A valid shutdown command was received via the shutdown port. Stopping the Server instance.
10-May-2023 09:53:41.240 INFO [main] org.apache.coyote.AbstractProtocol.pause Pausing ProtocolHandler ["http-nio-8081"]
10-May-2023 09:53:41.304 INFO [main] org.apache.coyote.AbstractProtocol.pause Pausing ProtocolHandler ["ajp-nio-8010"]
10-May-2023 09:53:41.360 INFO [main] org.apache.catalina.core.StandardService.stopInternal Stopping service [Catalina]
10-May-2023 09:53:41.370 INFO [main] org.apache.coyote.AbstractProtocol.stop Stopping ProtocolHandler ["http-nio-8081"]
10-May-2023 09:53:41.373 INFO [main] org.apache.coyote.AbstractProtocol.stop Stopping ProtocolHandler ["ajp-nio-8010"]
10-May-2023 09:53:41.375 INFO [main] org.apache.coyote.AbstractProtocol.destroy Destroying ProtocolHandler ["http-nio-8081"]
10-May-2023 09:53:41.375 INFO [main] org.apache.coyote.AbstractProtocol.destroy Destroying ProtocolHandler ["ajp-nio-8010"]
10-May-2023 09:53:51.046 INFO [main] org.apache.catalina.startup.VersionLoggerListener.log Server version:        Apache Tomcat/8.5.24
10-May-2023 09:53:51.049 INFO [main] org.apache.catalina.startup.VersionLoggerListener.log Server built:          Nov 27 2017 13:05:30 UTC
10-May-2023 09:53:51.049 INFO [main] org.apache.catalina.startup.VersionLoggerListener.log Server number:         8.5.24.0
10-May-2023 09:53:51.050 INFO [main] org.apache.catalina.startup.VersionLoggerListener.log OS Name:               Mac OS X
10-May-2023 09:53:51.050 INFO [main] org.apache.catalina.startup.VersionLoggerListener.log OS Version:            13.3.1
10-May-2023 09:53:51.050 INFO [main] org.apache.catalina.startup.VersionLoggerListener.log Architecture:          x86_64
10-May-2023 09:53:51.050 INFO [main] org.apache.catalina.startup.VersionLoggerListener.log Java Home:             /Library/Java/JavaVirtualMachines/jdk-1.8.jdk/Contents/Home/jre
10-May-2023 09:53:51.050 INFO [main] org.apache.catalina.startup.VersionLoggerListener.log JVM Version:           1.8.0_371-b11
10-May-2023 09:53:51.050 INFO [main] org.apache.catalina.startup.VersionLoggerListener.log JVM Vendor:            Oracle Corporation
10-May-2023 09:53:51.050 INFO [main] org.apache.catalina.startup.VersionLoggerListener.log CATALINA_BASE:         /Users/wg/Universal-Migration-Tool/tomcat
10-May-2023 09:53:51.050 INFO [main] org.apache.catalina.startup.VersionLoggerListener.log CATALINA_HOME:         /Users/wg/Universal-Migration-Tool/tomcat
10-May-2023 09:53:51.050 INFO [main] org.apache.catalina.startup.VersionLoggerListener.log Command line argument: -Djava.util.logging.config.file=/Users/wg/Universal-Migration-Tool/tomcat/conf/logging.properties
10-May-2023 09:53:51.050 INFO [main] org.apache.catalina.startup.VersionLoggerListener.log Command line argument: -Djava.util.logging.manager=org.apache.juli.ClassLoaderLogManager
10-May-2023 09:53:51.050 INFO [main] org.apache.catalina.startup.VersionLoggerListener.log Command line argument: -Djdk.tls.ephemeralDHKeySize=2048
10-May-2023 09:53:51.051 INFO [main] org.apache.catalina.startup.VersionLoggerListener.log Command line argument: -Djava.protocol.handler.pkgs=org.apache.catalina.webresources
10-May-2023 09:53:51.051 INFO [main] org.apache.catalina.startup.VersionLoggerListener.log Command line argument: -Dignore.endorsed.dirs=
10-May-2023 09:53:51.051 INFO [main] org.apache.catalina.startup.VersionLoggerListener.log Command line argument: -Dcatalina.base=/Users/wg/Universal-Migration-Tool/tomcat
10-May-2023 09:53:51.051 INFO [main] org.apache.catalina.startup.VersionLoggerListener.log Command line argument: -Dcatalina.home=/Users/wg/Universal-Migration-Tool/tomcat
10-May-2023 09:53:51.051 INFO [main] org.apache.catalina.startup.VersionLoggerListener.log Command line argument: -Djava.io.tmpdir=/Users/wg/Universal-Migration-Tool/tomcat/temp
10-May-2023 09:53:51.051 INFO [main] org.apache.catalina.core.AprLifecycleListener.lifecycleEvent The APR based Apache Tomcat Native library which allows optimal performance in production environments was not found on the java.library.path: [/Users/wg/Library/Java/Extensions:/Library/Java/Extensions:/Network/Library/Java/Extensions:/System/Library/Java/Extensions:/usr/lib/java:.]
10-May-2023 09:53:51.255 INFO [main] org.apache.coyote.AbstractProtocol.init Initializing ProtocolHandler ["http-nio-8081"]
10-May-2023 09:53:51.266 INFO [main] org.apache.tomcat.util.net.NioSelectorPool.getSharedSelector Using a shared selector for servlet write/read
10-May-2023 09:53:51.271 INFO [main] org.apache.coyote.AbstractProtocol.init Initializing ProtocolHandler ["ajp-nio-8010"]
10-May-2023 09:53:51.274 INFO [main] org.apache.tomcat.util.net.NioSelectorPool.getSharedSelector Using a shared selector for servlet write/read
10-May-2023 09:53:51.274 INFO [main] org.apache.catalina.startup.Catalina.load Initialization processed in 627 ms
10-May-2023 09:53:51.375 INFO [main] org.apache.catalina.core.StandardService.startInternal Starting service [Catalina]
10-May-2023 09:53:51.375 INFO [main] org.apache.catalina.core.StandardEngine.startInternal Starting Servlet Engine: Apache Tomcat/8.5.24
10-May-2023 09:53:51.380 INFO [localhost-startStop-1] org.apache.catalina.startup.HostConfig.deployDirectory Deploying web application directory [/Users/wg/Universal-Migration-Tool/tomcat/webapps/ROOT]
10-May-2023 09:53:52.433 INFO [localhost-startStop-1] org.apache.jasper.servlet.TldScanner.scanJars At least one JAR was scanned for TLDs yet contained no TLDs. Enable debug logging for this logger for a complete list of JARs that were scanned but no TLDs were found in them. Skipping unneeded JARs during scanning can improve startup time and JSP compilation time.
10-May-2023 09:53:52.586 INFO [localhost-startStop-1] com.opensymphony.xwork2.util.logging.commons.CommonsLogger.info Parsing configuration file [struts-default.xml]
10-May-2023 09:53:52.629 INFO [localhost-startStop-1] com.opensymphony.xwork2.util.logging.commons.CommonsLogger.info Unable to locate configuration files of the name struts-plugin.xml, skipping
10-May-2023 09:53:52.629 INFO [localhost-startStop-1] com.opensymphony.xwork2.util.logging.commons.CommonsLogger.info Parsing configuration file [struts-plugin.xml]
10-May-2023 09:53:52.649 INFO [localhost-startStop-1] com.opensymphony.xwork2.util.logging.commons.CommonsLogger.info Parsing configuration file [struts.xml]
10-May-2023 09:53:52.903 SEVERE [localhost-startStop-1] com.opensymphony.xwork2.util.logging.commons.CommonsLogger.error Unable to find parent packages json-default
10-May-2023 09:53:52.933 INFO [localhost-startStop-1] org.apache.catalina.startup.HostConfig.deployDirectory Deployment of web application directory [/Users/wg/Universal-Migration-Tool/tomcat/webapps/ROOT] has finished in [1,553] ms
10-May-2023 09:53:52.934 INFO [main] org.apache.coyote.AbstractProtocol.start Starting ProtocolHandler ["http-nio-8081"]
10-May-2023 09:53:52.999 INFO [main] org.apache.coyote.AbstractProtocol.start Starting ProtocolHandler ["ajp-nio-8010"]
10-May-2023 09:53:53.003 INFO [main] org.apache.catalina.startup.Catalina.start Server startup in 1728 ms
